/home/odjmvakn/public_html/node/elearning/node_modules/mysql/lib/protocol/Parser.js:437
      throw err; // Rethrow non-MySQL errors
      ^

Error: WARN_DATA_TRUNCATED: Data truncated for column 'acc_status' at row 1
    at Query.Sequence._packetToError (/home/odjmvakn/public_html/node/elearning/node_modules/mysql/lib/protocol/sequences/Sequence.js:47:14)
    at Query.ErrorPacket (/home/odjmvakn/public_html/node/elearning/node_modules/mysql/lib/protocol/sequences/Query.js:79:18)
    at Protocol._parsePacket (/home/odjmvakn/public_html/node/elearning/node_modules/mysql/lib/protocol/Protocol.js:291:23)
    at Parser._parsePacket (/home/odjmvakn/public_html/node/elearning/node_modules/mysql/lib/protocol/Parser.js:433:10)
    at Parser.write (/home/odjmvakn/public_html/node/elearning/node_modules/mysql/lib/protocol/Parser.js:43:10)
    at Protocol.write (/home/odjmvakn/public_html/node/elearning/node_modules/mysql/lib/protocol/Protocol.js:38:16)
    at Socket.<anonymous> (/home/odjmvakn/public_html/node/elearning/node_modules/mysql/lib/Connection.js:88:28)
    at Socket.<anonymous> (/home/odjmvakn/public_html/node/elearning/node_modules/mysql/lib/Connection.js:526:10)
    at Socket.emit (events.js:198:13)
    at addChunk (_stream_readable.js:288:12)
    --------------------
    at Pool.query (/home/odjmvakn/public_html/node/elearning/node_modules/mysql/lib/Pool.js:199:23)
    at accStatusChange (/home/odjmvakn/public_html/node/elearning/admin/router/user.js:148:18)
    at Layer.handle [as handle_request] (/home/odjmvakn/public_html/node/elearning/node_modules/express/lib/router/layer.js:95:5)
    at next (/home/odjmvakn/public_html/node/elearning/node_modules/express/lib/router/route.js:137:13)
    at Route.dispatch (/home/odjmvakn/public_html/node/elearning/node_modules/express/lib/router/route.js:112:3)
    at Layer.handle [as handle_request] (/home/odjmvakn/public_html/node/elearning/node_modules/express/lib/router/layer.js:95:5)
    at /home/odjmvakn/public_html/node/elearning/node_modules/express/lib/router/index.js:281:22
    at Function.process_params (/home/odjmvakn/public_html/node/elearning/node_modules/express/lib/router/index.js:341:12)
    at next (/home/odjmvakn/public_html/node/elearning/node_modules/express/lib/router/index.js:275:10)
    at /home/odjmvakn/public_html/node/elearning/node_modules/express-fileupload/lib/index.js:35:14
/home/odjmvakn/public_html/node/elearning/node_modules/mysql/lib/protocol/Parser.js:437
      throw err; // Rethrow non-MySQL errors
      ^

Error: WARN_DATA_TRUNCATED: Data truncated for column 'acc_status' at row 1
    at Query.Sequence._packetToError (/home/odjmvakn/public_html/node/elearning/node_modules/mysql/lib/protocol/sequences/Sequence.js:47:14)
    at Query.ErrorPacket (/home/odjmvakn/public_html/node/elearning/node_modules/mysql/lib/protocol/sequences/Query.js:79:18)
    at Protocol._parsePacket (/home/odjmvakn/public_html/node/elearning/node_modules/mysql/lib/protocol/Protocol.js:291:23)
    at Parser._parsePacket (/home/odjmvakn/public_html/node/elearning/node_modules/mysql/lib/protocol/Parser.js:433:10)
    at Parser.write (/home/odjmvakn/public_html/node/elearning/node_modules/mysql/lib/protocol/Parser.js:43:10)
    at Protocol.write (/home/odjmvakn/public_html/node/elearning/node_modules/mysql/lib/protocol/Protocol.js:38:16)
    at Socket.<anonymous> (/home/odjmvakn/public_html/node/elearning/node_modules/mysql/lib/Connection.js:88:28)
    at Socket.<anonymous> (/home/odjmvakn/public_html/node/elearning/node_modules/mysql/lib/Connection.js:526:10)
    at Socket.emit (events.js:198:13)
    at addChunk (_stream_readable.js:288:12)
    --------------------
    at Pool.query (/home/odjmvakn/public_html/node/elearning/node_modules/mysql/lib/Pool.js:199:23)
    at accStatusChange (/home/odjmvakn/public_html/node/elearning/admin/router/user.js:148:18)
    at Layer.handle [as handle_request] (/home/odjmvakn/public_html/node/elearning/node_modules/express/lib/router/layer.js:95:5)
    at next (/home/odjmvakn/public_html/node/elearning/node_modules/express/lib/router/route.js:137:13)
    at Route.dispatch (/home/odjmvakn/public_html/node/elearning/node_modules/express/lib/router/route.js:112:3)
    at Layer.handle [as handle_request] (/home/odjmvakn/public_html/node/elearning/node_modules/express/lib/router/layer.js:95:5)
    at /home/odjmvakn/public_html/node/elearning/node_modules/express/lib/router/index.js:281:22
    at Function.process_params (/home/odjmvakn/public_html/node/elearning/node_modules/express/lib/router/index.js:341:12)
    at next (/home/odjmvakn/public_html/node/elearning/node_modules/express/lib/router/index.js:275:10)
    at /home/odjmvakn/public_html/node/elearning/node_modules/express-fileupload/lib/index.js:35:14
/home/odjmvakn/public_html/node/elearning/node_modules/mysql/lib/protocol/Parser.js:437
      throw err; // Rethrow non-MySQL errors
      ^

Error: WARN_DATA_TRUNCATED: Data truncated for column 'acc_status' at row 1
    at Query.Sequence._packetToError (/home/odjmvakn/public_html/node/elearning/node_modules/mysql/lib/protocol/sequences/Sequence.js:47:14)
    at Query.ErrorPacket (/home/odjmvakn/public_html/node/elearning/node_modules/mysql/lib/protocol/sequences/Query.js:79:18)
    at Protocol._parsePacket (/home/odjmvakn/public_html/node/elearning/node_modules/mysql/lib/protocol/Protocol.js:291:23)
    at Parser._parsePacket (/home/odjmvakn/public_html/node/elearning/node_modules/mysql/lib/protocol/Parser.js:433:10)
    at Parser.write (/home/odjmvakn/public_html/node/elearning/node_modules/mysql/lib/protocol/Parser.js:43:10)
    at Protocol.write (/home/odjmvakn/public_html/node/elearning/node_modules/mysql/lib/protocol/Protocol.js:38:16)
    at Socket.<anonymous> (/home/odjmvakn/public_html/node/elearning/node_modules/mysql/lib/Connection.js:88:28)
    at Socket.<anonymous> (/home/odjmvakn/public_html/node/elearning/node_modules/mysql/lib/Connection.js:526:10)
    at Socket.emit (events.js:198:13)
    at addChunk (_stream_readable.js:288:12)
    --------------------
    at Pool.query (/home/odjmvakn/public_html/node/elearning/node_modules/mysql/lib/Pool.js:199:23)
    at accStatusChange (/home/odjmvakn/public_html/node/elearning/admin/router/user.js:148:18)
    at Layer.handle [as handle_request] (/home/odjmvakn/public_html/node/elearning/node_modules/express/lib/router/layer.js:95:5)
    at next (/home/odjmvakn/public_html/node/elearning/node_modules/express/lib/router/route.js:137:13)
    at Route.dispatch (/home/odjmvakn/public_html/node/elearning/node_modules/express/lib/router/route.js:112:3)
    at Layer.handle [as handle_request] (/home/odjmvakn/public_html/node/elearning/node_modules/express/lib/router/layer.js:95:5)
    at /home/odjmvakn/public_html/node/elearning/node_modules/express/lib/router/index.js:281:22
    at Function.process_params (/home/odjmvakn/public_html/node/elearning/node_modules/express/lib/router/index.js:341:12)
    at next (/home/odjmvakn/public_html/node/elearning/node_modules/express/lib/router/index.js:275:10)
    at /home/odjmvakn/public_html/node/elearning/node_modules/express-fileupload/lib/index.js:35:14
/home/odjmvakn/public_html/node/elearning/node_modules/mysql/lib/protocol/Parser.js:437
      throw err; // Rethrow non-MySQL errors
      ^

Error: WARN_DATA_TRUNCATED: Data truncated for column 'acc_status' at row 1
    at Query.Sequence._packetToError (/home/odjmvakn/public_html/node/elearning/node_modules/mysql/lib/protocol/sequences/Sequence.js:47:14)
    at Query.ErrorPacket (/home/odjmvakn/public_html/node/elearning/node_modules/mysql/lib/protocol/sequences/Query.js:79:18)
    at Protocol._parsePacket (/home/odjmvakn/public_html/node/elearning/node_modules/mysql/lib/protocol/Protocol.js:291:23)
    at Parser._parsePacket (/home/odjmvakn/public_html/node/elearning/node_modules/mysql/lib/protocol/Parser.js:433:10)
    at Parser.write (/home/odjmvakn/public_html/node/elearning/node_modules/mysql/lib/protocol/Parser.js:43:10)
    at Protocol.write (/home/odjmvakn/public_html/node/elearning/node_modules/mysql/lib/protocol/Protocol.js:38:16)
    at Socket.<anonymous> (/home/odjmvakn/public_html/node/elearning/node_modules/mysql/lib/Connection.js:88:28)
    at Socket.<anonymous> (/home/odjmvakn/public_html/node/elearning/node_modules/mysql/lib/Connection.js:526:10)
    at Socket.emit (events.js:198:13)
    at addChunk (_stream_readable.js:288:12)
    --------------------
    at Pool.query (/home/odjmvakn/public_html/node/elearning/node_modules/mysql/lib/Pool.js:199:23)
    at accStatusChange (/home/odjmvakn/public_html/node/elearning/admin/router/user.js:148:18)
    at Layer.handle [as handle_request] (/home/odjmvakn/public_html/node/elearning/node_modules/express/lib/router/layer.js:95:5)
    at next (/home/odjmvakn/public_html/node/elearning/node_modules/express/lib/router/route.js:137:13)
    at Route.dispatch (/home/odjmvakn/public_html/node/elearning/node_modules/express/lib/router/route.js:112:3)
    at Layer.handle [as handle_request] (/home/odjmvakn/public_html/node/elearning/node_modules/express/lib/router/layer.js:95:5)
    at /home/odjmvakn/public_html/node/elearning/node_modules/express/lib/router/index.js:281:22
    at Function.process_params (/home/odjmvakn/public_html/node/elearning/node_modules/express/lib/router/index.js:341:12)
    at next (/home/odjmvakn/public_html/node/elearning/node_modules/express/lib/router/index.js:275:10)
    at /home/odjmvakn/public_html/node/elearning/node_modules/express-fileupload/lib/index.js:35:14
